2022-01-03T16:08:49+00:00 CRITICAL Uncaught Error: Call to a member function get_cart_contents_count() on null in C:\xampp\htdocs\Jutta\wp-content\themes\big-store\inc\woocommerce\woo-function.php:29
Stack trace:
#0 C:\xampp\htdocs\Jutta\wp-content\themes\big-store\inc\woocommerce\woo-function.php(39): big_store_cart_total_item()
#1 C:\xampp\htdocs\Jutta\wp-includes\class-wp-hook.php(303): big_store_menu_cart_view('')
#2 C:\xampp\htdocs\Jutta\wp-includes\class-wp-hook.php(327): WP_Hook->apply_filters('', Array)
#3 C:\xampp\htdocs\Jutta\wp-includes\plugin.php(470): WP_Hook->do_action(Array)
#4 C:\xampp\htdocs\Jutta\wp-content\themes\big-store\inc\header-function.php(765): do_action('open_cart_count')
#5 C:\xampp\htdocs\Jutta\wp-includes\class-wp-hook.php(303): bigstore_mobile_navbar('')
#6 C:\xampp\htdocs\Jutta\wp-includes\class-wp-hook.php(327): WP_Hook->apply_filters(NULL, Array)
#7 C:\xampp\htdocs\Jutta\wp-includes\plugin.php(470): WP_Hook->do_action(Array)
#8 C:\xampp\htdocs\Jutta\wp-includes\general-template.php(3031): do_action('wp_footer in C:\xampp\htdocs\Jutta\wp-content\themes\big-store\inc\woocommerce\woo-function.php on line 29

2022-01-03T16:09:46+00:00 CRITICAL Uncaught Error: Call to a member function get_cart_contents_count() on null in C:\xampp\htdocs\Jutta\wp-content\themes\big-store\inc\woocommerce\woo-function.php:29
Stack trace:
#0 C:\xampp\htdocs\Jutta\wp-content\themes\big-store\inc\woocommerce\woo-function.php(39): big_store_cart_total_item()
#1 C:\xampp\htdocs\Jutta\wp-includes\class-wp-hook.php(303): big_store_menu_cart_view('')
#2 C:\xampp\htdocs\Jutta\wp-includes\class-wp-hook.php(327): WP_Hook->apply_filters('', Array)
#3 C:\xampp\htdocs\Jutta\wp-includes\plugin.php(470): WP_Hook->do_action(Array)
#4 C:\xampp\htdocs\Jutta\wp-content\themes\big-store\inc\header-function.php(765): do_action('open_cart_count')
#5 C:\xampp\htdocs\Jutta\wp-includes\class-wp-hook.php(303): bigstore_mobile_navbar('')
#6 C:\xampp\htdocs\Jutta\wp-includes\class-wp-hook.php(327): WP_Hook->apply_filters(NULL, Array)
#7 C:\xampp\htdocs\Jutta\wp-includes\plugin.php(470): WP_Hook->do_action(Array)
#8 C:\xampp\htdocs\Jutta\wp-includes\general-template.php(3031): do_action('wp_footer in C:\xampp\htdocs\Jutta\wp-content\themes\big-store\inc\woocommerce\woo-function.php on line 29

2022-01-03T16:12:02+00:00 CRITICAL Uncaught Error: Call to a member function get_cart_contents_count() on null in C:\xampp\htdocs\Jutta\wp-content\themes\big-store\inc\woocommerce\woo-function.php:29
Stack trace:
#0 C:\xampp\htdocs\Jutta\wp-content\themes\big-store\inc\woocommerce\woo-function.php(39): big_store_cart_total_item()
#1 C:\xampp\htdocs\Jutta\wp-includes\class-wp-hook.php(303): big_store_menu_cart_view('')
#2 C:\xampp\htdocs\Jutta\wp-includes\class-wp-hook.php(327): WP_Hook->apply_filters('', Array)
#3 C:\xampp\htdocs\Jutta\wp-includes\plugin.php(470): WP_Hook->do_action(Array)
#4 C:\xampp\htdocs\Jutta\wp-content\themes\big-store\inc\header-function.php(765): do_action('open_cart_count')
#5 C:\xampp\htdocs\Jutta\wp-includes\class-wp-hook.php(303): bigstore_mobile_navbar('')
#6 C:\xampp\htdocs\Jutta\wp-includes\class-wp-hook.php(327): WP_Hook->apply_filters(NULL, Array)
#7 C:\xampp\htdocs\Jutta\wp-includes\plugin.php(470): WP_Hook->do_action(Array)
#8 C:\xampp\htdocs\Jutta\wp-includes\general-template.php(3031): do_action('wp_footer in C:\xampp\htdocs\Jutta\wp-content\themes\big-store\inc\woocommerce\woo-function.php on line 29

2022-01-03T16:12:23+00:00 CRITICAL Uncaught Error: Call to a member function get_cart_contents_count() on null in C:\xampp\htdocs\Jutta\wp-content\themes\big-store\inc\woocommerce\woo-function.php:29
Stack trace:
#0 C:\xampp\htdocs\Jutta\wp-content\themes\big-store\inc\woocommerce\woo-function.php(39): big_store_cart_total_item()
#1 C:\xampp\htdocs\Jutta\wp-includes\class-wp-hook.php(303): big_store_menu_cart_view('')
#2 C:\xampp\htdocs\Jutta\wp-includes\class-wp-hook.php(327): WP_Hook->apply_filters('', Array)
#3 C:\xampp\htdocs\Jutta\wp-includes\plugin.php(470): WP_Hook->do_action(Array)
#4 C:\xampp\htdocs\Jutta\wp-content\themes\big-store\inc\header-function.php(765): do_action('open_cart_count')
#5 C:\xampp\htdocs\Jutta\wp-includes\class-wp-hook.php(303): bigstore_mobile_navbar('')
#6 C:\xampp\htdocs\Jutta\wp-includes\class-wp-hook.php(327): WP_Hook->apply_filters(NULL, Array)
#7 C:\xampp\htdocs\Jutta\wp-includes\plugin.php(470): WP_Hook->do_action(Array)
#8 C:\xampp\htdocs\Jutta\wp-includes\general-template.php(3031): do_action('wp_footer in C:\xampp\htdocs\Jutta\wp-content\themes\big-store\inc\woocommerce\woo-function.php on line 29

2022-01-03T16:16:29+00:00 CRITICAL Uncaught Error: Call to a member function get_cart_contents_count() on null in C:\xampp\htdocs\Jutta\wp-content\themes\big-store\inc\woocommerce\woo-function.php:29
Stack trace:
#0 C:\xampp\htdocs\Jutta\wp-content\themes\big-store\inc\woocommerce\woo-function.php(39): big_store_cart_total_item()
#1 C:\xampp\htdocs\Jutta\wp-includes\class-wp-hook.php(303): big_store_menu_cart_view('')
#2 C:\xampp\htdocs\Jutta\wp-includes\class-wp-hook.php(327): WP_Hook->apply_filters('', Array)
#3 C:\xampp\htdocs\Jutta\wp-includes\plugin.php(470): WP_Hook->do_action(Array)
#4 C:\xampp\htdocs\Jutta\wp-content\themes\big-store\inc\header-function.php(765): do_action('open_cart_count')
#5 C:\xampp\htdocs\Jutta\wp-includes\class-wp-hook.php(303): bigstore_mobile_navbar('')
#6 C:\xampp\htdocs\Jutta\wp-includes\class-wp-hook.php(327): WP_Hook->apply_filters(NULL, Array)
#7 C:\xampp\htdocs\Jutta\wp-includes\plugin.php(470): WP_Hook->do_action(Array)
#8 C:\xampp\htdocs\Jutta\wp-includes\general-template.php(3031): do_action('wp_footer in C:\xampp\htdocs\Jutta\wp-content\themes\big-store\inc\woocommerce\woo-function.php on line 29

2022-01-03T16:20:40+00:00 CRITICAL Uncaught Error: Call to a member function get_cart_contents_count() on null in C:\xampp\htdocs\Jutta\wp-content\themes\big-store\inc\woocommerce\woo-function.php:29
Stack trace:
#0 C:\xampp\htdocs\Jutta\wp-content\themes\big-store\inc\woocommerce\woo-function.php(39): big_store_cart_total_item()
#1 C:\xampp\htdocs\Jutta\wp-includes\class-wp-hook.php(303): big_store_menu_cart_view('')
#2 C:\xampp\htdocs\Jutta\wp-includes\class-wp-hook.php(327): WP_Hook->apply_filters('', Array)
#3 C:\xampp\htdocs\Jutta\wp-includes\plugin.php(470): WP_Hook->do_action(Array)
#4 C:\xampp\htdocs\Jutta\wp-content\themes\big-store\inc\header-function.php(765): do_action('open_cart_count')
#5 C:\xampp\htdocs\Jutta\wp-includes\class-wp-hook.php(303): bigstore_mobile_navbar('')
#6 C:\xampp\htdocs\Jutta\wp-includes\class-wp-hook.php(327): WP_Hook->apply_filters(NULL, Array)
#7 C:\xampp\htdocs\Jutta\wp-includes\plugin.php(470): WP_Hook->do_action(Array)
#8 C:\xampp\htdocs\Jutta\wp-includes\general-template.php(3031): do_action('wp_footer in C:\xampp\htdocs\Jutta\wp-content\themes\big-store\inc\woocommerce\woo-function.php on line 29

2022-01-03T16:20:54+00:00 CRITICAL Uncaught Error: Call to a member function get_cart_contents_count() on null in C:\xampp\htdocs\Jutta\wp-content\themes\big-store\inc\woocommerce\woo-function.php:29
Stack trace:
#0 C:\xampp\htdocs\Jutta\wp-content\themes\big-store\inc\woocommerce\woo-function.php(39): big_store_cart_total_item()
#1 C:\xampp\htdocs\Jutta\wp-includes\class-wp-hook.php(303): big_store_menu_cart_view('')
#2 C:\xampp\htdocs\Jutta\wp-includes\class-wp-hook.php(327): WP_Hook->apply_filters('', Array)
#3 C:\xampp\htdocs\Jutta\wp-includes\plugin.php(470): WP_Hook->do_action(Array)
#4 C:\xampp\htdocs\Jutta\wp-content\themes\big-store\inc\header-function.php(765): do_action('open_cart_count')
#5 C:\xampp\htdocs\Jutta\wp-includes\class-wp-hook.php(303): bigstore_mobile_navbar('')
#6 C:\xampp\htdocs\Jutta\wp-includes\class-wp-hook.php(327): WP_Hook->apply_filters(NULL, Array)
#7 C:\xampp\htdocs\Jutta\wp-includes\plugin.php(470): WP_Hook->do_action(Array)
#8 C:\xampp\htdocs\Jutta\wp-includes\general-template.php(3031): do_action('wp_footer in C:\xampp\htdocs\Jutta\wp-content\themes\big-store\inc\woocommerce\woo-function.php on line 29

2022-01-03T16:21:06+00:00 CRITICAL Uncaught Error: Call to a member function get_cart_contents_count() on null in C:\xampp\htdocs\Jutta\wp-content\themes\big-store\inc\woocommerce\woo-function.php:29
Stack trace:
#0 C:\xampp\htdocs\Jutta\wp-content\themes\big-store\inc\woocommerce\woo-function.php(39): big_store_cart_total_item()
#1 C:\xampp\htdocs\Jutta\wp-includes\class-wp-hook.php(303): big_store_menu_cart_view('')
#2 C:\xampp\htdocs\Jutta\wp-includes\class-wp-hook.php(327): WP_Hook->apply_filters('', Array)
#3 C:\xampp\htdocs\Jutta\wp-includes\plugin.php(470): WP_Hook->do_action(Array)
#4 C:\xampp\htdocs\Jutta\wp-content\themes\big-store\inc\header-function.php(765): do_action('open_cart_count')
#5 C:\xampp\htdocs\Jutta\wp-includes\class-wp-hook.php(303): bigstore_mobile_navbar('')
#6 C:\xampp\htdocs\Jutta\wp-includes\class-wp-hook.php(327): WP_Hook->apply_filters(NULL, Array)
#7 C:\xampp\htdocs\Jutta\wp-includes\plugin.php(470): WP_Hook->do_action(Array)
#8 C:\xampp\htdocs\Jutta\wp-includes\general-template.php(3031): do_action('wp_footer in C:\xampp\htdocs\Jutta\wp-content\themes\big-store\inc\woocommerce\woo-function.php on line 29

2022-01-03T16:21:24+00:00 CRITICAL Uncaught Error: Call to a member function get_cart_contents_count() on null in C:\xampp\htdocs\Jutta\wp-content\themes\big-store\inc\woocommerce\woo-function.php:29
Stack trace:
#0 C:\xampp\htdocs\Jutta\wp-content\themes\big-store\inc\woocommerce\woo-function.php(39): big_store_cart_total_item()
#1 C:\xampp\htdocs\Jutta\wp-includes\class-wp-hook.php(303): big_store_menu_cart_view('')
#2 C:\xampp\htdocs\Jutta\wp-includes\class-wp-hook.php(327): WP_Hook->apply_filters('', Array)
#3 C:\xampp\htdocs\Jutta\wp-includes\plugin.php(470): WP_Hook->do_action(Array)
#4 C:\xampp\htdocs\Jutta\wp-content\themes\big-store\inc\header-function.php(765): do_action('open_cart_count')
#5 C:\xampp\htdocs\Jutta\wp-includes\class-wp-hook.php(303): bigstore_mobile_navbar('')
#6 C:\xampp\htdocs\Jutta\wp-includes\class-wp-hook.php(327): WP_Hook->apply_filters(NULL, Array)
#7 C:\xampp\htdocs\Jutta\wp-includes\plugin.php(470): WP_Hook->do_action(Array)
#8 C:\xampp\htdocs\Jutta\wp-includes\general-template.php(3031): do_action('wp_footer in C:\xampp\htdocs\Jutta\wp-content\themes\big-store\inc\woocommerce\woo-function.php on line 29

2022-01-03T16:22:10+00:00 CRITICAL Uncaught Error: Call to a member function get_cart_contents_count() on null in C:\xampp\htdocs\Jutta\wp-content\themes\big-store\inc\woocommerce\woo-function.php:29
Stack trace:
#0 C:\xampp\htdocs\Jutta\wp-content\themes\big-store\inc\woocommerce\woo-function.php(39): big_store_cart_total_item()
#1 C:\xampp\htdocs\Jutta\wp-includes\class-wp-hook.php(303): big_store_menu_cart_view('')
#2 C:\xampp\htdocs\Jutta\wp-includes\class-wp-hook.php(327): WP_Hook->apply_filters('', Array)
#3 C:\xampp\htdocs\Jutta\wp-includes\plugin.php(470): WP_Hook->do_action(Array)
#4 C:\xampp\htdocs\Jutta\wp-content\themes\big-store\inc\header-function.php(765): do_action('open_cart_count')
#5 C:\xampp\htdocs\Jutta\wp-includes\class-wp-hook.php(303): bigstore_mobile_navbar('')
#6 C:\xampp\htdocs\Jutta\wp-includes\class-wp-hook.php(327): WP_Hook->apply_filters(NULL, Array)
#7 C:\xampp\htdocs\Jutta\wp-includes\plugin.php(470): WP_Hook->do_action(Array)
#8 C:\xampp\htdocs\Jutta\wp-includes\general-template.php(3031): do_action('wp_footer in C:\xampp\htdocs\Jutta\wp-content\themes\big-store\inc\woocommerce\woo-function.php on line 29

2022-01-03T16:22:13+00:00 CRITICAL Uncaught Error: Call to a member function get_cart_contents_count() on null in C:\xampp\htdocs\Jutta\wp-content\themes\big-store\inc\woocommerce\woo-function.php:29
Stack trace:
#0 C:\xampp\htdocs\Jutta\wp-content\themes\big-store\inc\woocommerce\woo-function.php(39): big_store_cart_total_item()
#1 C:\xampp\htdocs\Jutta\wp-includes\class-wp-hook.php(303): big_store_menu_cart_view('')
#2 C:\xampp\htdocs\Jutta\wp-includes\class-wp-hook.php(327): WP_Hook->apply_filters('', Array)
#3 C:\xampp\htdocs\Jutta\wp-includes\plugin.php(470): WP_Hook->do_action(Array)
#4 C:\xampp\htdocs\Jutta\wp-content\themes\big-store\inc\header-function.php(765): do_action('open_cart_count')
#5 C:\xampp\htdocs\Jutta\wp-includes\class-wp-hook.php(303): bigstore_mobile_navbar('')
#6 C:\xampp\htdocs\Jutta\wp-includes\class-wp-hook.php(327): WP_Hook->apply_filters(NULL, Array)
#7 C:\xampp\htdocs\Jutta\wp-includes\plugin.php(470): WP_Hook->do_action(Array)
#8 C:\xampp\htdocs\Jutta\wp-includes\general-template.php(3031): do_action('wp_footer in C:\xampp\htdocs\Jutta\wp-content\themes\big-store\inc\woocommerce\woo-function.php on line 29

2022-01-03T16:22:13+00:00 CRITICAL Uncaught Error: Call to a member function get_cart_contents_count() on null in C:\xampp\htdocs\Jutta\wp-content\themes\big-store\inc\woocommerce\woo-function.php:29
Stack trace:
#0 C:\xampp\htdocs\Jutta\wp-content\themes\big-store\inc\woocommerce\woo-function.php(39): big_store_cart_total_item()
#1 C:\xampp\htdocs\Jutta\wp-includes\class-wp-hook.php(303): big_store_menu_cart_view('')
#2 C:\xampp\htdocs\Jutta\wp-includes\class-wp-hook.php(327): WP_Hook->apply_filters('', Array)
#3 C:\xampp\htdocs\Jutta\wp-includes\plugin.php(470): WP_Hook->do_action(Array)
#4 C:\xampp\htdocs\Jutta\wp-content\themes\big-store\inc\header-function.php(765): do_action('open_cart_count')
#5 C:\xampp\htdocs\Jutta\wp-includes\class-wp-hook.php(303): bigstore_mobile_navbar('')
#6 C:\xampp\htdocs\Jutta\wp-includes\class-wp-hook.php(327): WP_Hook->apply_filters(NULL, Array)
#7 C:\xampp\htdocs\Jutta\wp-includes\plugin.php(470): WP_Hook->do_action(Array)
#8 C:\xampp\htdocs\Jutta\wp-includes\general-template.php(3031): do_action('wp_footer in C:\xampp\htdocs\Jutta\wp-content\themes\big-store\inc\woocommerce\woo-function.php on line 29

2022-01-03T16:22:14+00:00 CRITICAL Uncaught Error: Call to a member function get_cart_contents_count() on null in C:\xampp\htdocs\Jutta\wp-content\themes\big-store\inc\woocommerce\woo-function.php:29
Stack trace:
#0 C:\xampp\htdocs\Jutta\wp-content\themes\big-store\inc\woocommerce\woo-function.php(39): big_store_cart_total_item()
#1 C:\xampp\htdocs\Jutta\wp-includes\class-wp-hook.php(303): big_store_menu_cart_view('')
#2 C:\xampp\htdocs\Jutta\wp-includes\class-wp-hook.php(327): WP_Hook->apply_filters('', Array)
#3 C:\xampp\htdocs\Jutta\wp-includes\plugin.php(470): WP_Hook->do_action(Array)
#4 C:\xampp\htdocs\Jutta\wp-content\themes\big-store\inc\header-function.php(765): do_action('open_cart_count')
#5 C:\xampp\htdocs\Jutta\wp-includes\class-wp-hook.php(303): bigstore_mobile_navbar('')
#6 C:\xampp\htdocs\Jutta\wp-includes\class-wp-hook.php(327): WP_Hook->apply_filters(NULL, Array)
#7 C:\xampp\htdocs\Jutta\wp-includes\plugin.php(470): WP_Hook->do_action(Array)
#8 C:\xampp\htdocs\Jutta\wp-includes\general-template.php(3031): do_action('wp_footer in C:\xampp\htdocs\Jutta\wp-content\themes\big-store\inc\woocommerce\woo-function.php on line 29

2022-01-03T16:22:18+00:00 CRITICAL Uncaught Error: Call to a member function get_cart_contents_count() on null in C:\xampp\htdocs\Jutta\wp-content\themes\big-store\inc\woocommerce\woo-function.php:29
Stack trace:
#0 C:\xampp\htdocs\Jutta\wp-content\themes\big-store\inc\woocommerce\woo-function.php(39): big_store_cart_total_item()
#1 C:\xampp\htdocs\Jutta\wp-includes\class-wp-hook.php(303): big_store_menu_cart_view('')
#2 C:\xampp\htdocs\Jutta\wp-includes\class-wp-hook.php(327): WP_Hook->apply_filters('', Array)
#3 C:\xampp\htdocs\Jutta\wp-includes\plugin.php(470): WP_Hook->do_action(Array)
#4 C:\xampp\htdocs\Jutta\wp-content\themes\big-store\inc\header-function.php(765): do_action('open_cart_count')
#5 C:\xampp\htdocs\Jutta\wp-includes\class-wp-hook.php(303): bigstore_mobile_navbar('')
#6 C:\xampp\htdocs\Jutta\wp-includes\class-wp-hook.php(327): WP_Hook->apply_filters(NULL, Array)
#7 C:\xampp\htdocs\Jutta\wp-includes\plugin.php(470): WP_Hook->do_action(Array)
#8 C:\xampp\htdocs\Jutta\wp-includes\general-template.php(3031): do_action('wp_footer in C:\xampp\htdocs\Jutta\wp-content\themes\big-store\inc\woocommerce\woo-function.php on line 29

2022-01-03T16:22:19+00:00 CRITICAL Uncaught Error: Call to a member function get_cart_contents_count() on null in C:\xampp\htdocs\Jutta\wp-content\themes\big-store\inc\woocommerce\woo-function.php:29
Stack trace:
#0 C:\xampp\htdocs\Jutta\wp-content\themes\big-store\inc\woocommerce\woo-function.php(39): big_store_cart_total_item()
#1 C:\xampp\htdocs\Jutta\wp-includes\class-wp-hook.php(303): big_store_menu_cart_view('')
#2 C:\xampp\htdocs\Jutta\wp-includes\class-wp-hook.php(327): WP_Hook->apply_filters('', Array)
#3 C:\xampp\htdocs\Jutta\wp-includes\plugin.php(470): WP_Hook->do_action(Array)
#4 C:\xampp\htdocs\Jutta\wp-content\themes\big-store\inc\header-function.php(765): do_action('open_cart_count')
#5 C:\xampp\htdocs\Jutta\wp-includes\class-wp-hook.php(303): bigstore_mobile_navbar('')
#6 C:\xampp\htdocs\Jutta\wp-includes\class-wp-hook.php(327): WP_Hook->apply_filters(NULL, Array)
#7 C:\xampp\htdocs\Jutta\wp-includes\plugin.php(470): WP_Hook->do_action(Array)
#8 C:\xampp\htdocs\Jutta\wp-includes\general-template.php(3031): do_action('wp_footer in C:\xampp\htdocs\Jutta\wp-content\themes\big-store\inc\woocommerce\woo-function.php on line 29

2022-01-03T16:22:19+00:00 CRITICAL Uncaught Error: Call to a member function get_cart_contents_count() on null in C:\xampp\htdocs\Jutta\wp-content\themes\big-store\inc\woocommerce\woo-function.php:29
Stack trace:
#0 C:\xampp\htdocs\Jutta\wp-content\themes\big-store\inc\woocommerce\woo-function.php(39): big_store_cart_total_item()
#1 C:\xampp\htdocs\Jutta\wp-includes\class-wp-hook.php(303): big_store_menu_cart_view('')
#2 C:\xampp\htdocs\Jutta\wp-includes\class-wp-hook.php(327): WP_Hook->apply_filters('', Array)
#3 C:\xampp\htdocs\Jutta\wp-includes\plugin.php(470): WP_Hook->do_action(Array)
#4 C:\xampp\htdocs\Jutta\wp-content\themes\big-store\inc\header-function.php(765): do_action('open_cart_count')
#5 C:\xampp\htdocs\Jutta\wp-includes\class-wp-hook.php(303): bigstore_mobile_navbar('')
#6 C:\xampp\htdocs\Jutta\wp-includes\class-wp-hook.php(327): WP_Hook->apply_filters(NULL, Array)
#7 C:\xampp\htdocs\Jutta\wp-includes\plugin.php(470): WP_Hook->do_action(Array)
#8 C:\xampp\htdocs\Jutta\wp-includes\general-template.php(3031): do_action('wp_footer in C:\xampp\htdocs\Jutta\wp-content\themes\big-store\inc\woocommerce\woo-function.php on line 29

2022-01-03T16:22:19+00:00 CRITICAL Uncaught Error: Call to a member function get_cart_contents_count() on null in C:\xampp\htdocs\Jutta\wp-content\themes\big-store\inc\woocommerce\woo-function.php:29
Stack trace:
#0 C:\xampp\htdocs\Jutta\wp-content\themes\big-store\inc\woocommerce\woo-function.php(39): big_store_cart_total_item()
#1 C:\xampp\htdocs\Jutta\wp-includes\class-wp-hook.php(303): big_store_menu_cart_view('')
#2 C:\xampp\htdocs\Jutta\wp-includes\class-wp-hook.php(327): WP_Hook->apply_filters('', Array)
#3 C:\xampp\htdocs\Jutta\wp-includes\plugin.php(470): WP_Hook->do_action(Array)
#4 C:\xampp\htdocs\Jutta\wp-content\themes\big-store\inc\header-function.php(765): do_action('open_cart_count')
#5 C:\xampp\htdocs\Jutta\wp-includes\class-wp-hook.php(303): bigstore_mobile_navbar('')
#6 C:\xampp\htdocs\Jutta\wp-includes\class-wp-hook.php(327): WP_Hook->apply_filters(NULL, Array)
#7 C:\xampp\htdocs\Jutta\wp-includes\plugin.php(470): WP_Hook->do_action(Array)
#8 C:\xampp\htdocs\Jutta\wp-includes\general-template.php(3031): do_action('wp_footer in C:\xampp\htdocs\Jutta\wp-content\themes\big-store\inc\woocommerce\woo-function.php on line 29

2022-01-03T16:22:20+00:00 CRITICAL Uncaught Error: Call to a member function get_cart_contents_count() on null in C:\xampp\htdocs\Jutta\wp-content\themes\big-store\inc\woocommerce\woo-function.php:29
Stack trace:
#0 C:\xampp\htdocs\Jutta\wp-content\themes\big-store\inc\woocommerce\woo-function.php(39): big_store_cart_total_item()
#1 C:\xampp\htdocs\Jutta\wp-includes\class-wp-hook.php(303): big_store_menu_cart_view('')
#2 C:\xampp\htdocs\Jutta\wp-includes\class-wp-hook.php(327): WP_Hook->apply_filters('', Array)
#3 C:\xampp\htdocs\Jutta\wp-includes\plugin.php(470): WP_Hook->do_action(Array)
#4 C:\xampp\htdocs\Jutta\wp-content\themes\big-store\inc\header-function.php(765): do_action('open_cart_count')
#5 C:\xampp\htdocs\Jutta\wp-includes\class-wp-hook.php(303): bigstore_mobile_navbar('')
#6 C:\xampp\htdocs\Jutta\wp-includes\class-wp-hook.php(327): WP_Hook->apply_filters(NULL, Array)
#7 C:\xampp\htdocs\Jutta\wp-includes\plugin.php(470): WP_Hook->do_action(Array)
#8 C:\xampp\htdocs\Jutta\wp-includes\general-template.php(3031): do_action('wp_footer in C:\xampp\htdocs\Jutta\wp-content\themes\big-store\inc\woocommerce\woo-function.php on line 29

2022-01-03T16:22:20+00:00 CRITICAL Uncaught Error: Call to a member function get_cart_contents_count() on null in C:\xampp\htdocs\Jutta\wp-content\themes\big-store\inc\woocommerce\woo-function.php:29
Stack trace:
#0 C:\xampp\htdocs\Jutta\wp-content\themes\big-store\inc\woocommerce\woo-function.php(39): big_store_cart_total_item()
#1 C:\xampp\htdocs\Jutta\wp-includes\class-wp-hook.php(303): big_store_menu_cart_view('')
#2 C:\xampp\htdocs\Jutta\wp-includes\class-wp-hook.php(327): WP_Hook->apply_filters('', Array)
#3 C:\xampp\htdocs\Jutta\wp-includes\plugin.php(470): WP_Hook->do_action(Array)
#4 C:\xampp\htdocs\Jutta\wp-content\themes\big-store\inc\header-function.php(765): do_action('open_cart_count')
#5 C:\xampp\htdocs\Jutta\wp-includes\class-wp-hook.php(303): bigstore_mobile_navbar('')
#6 C:\xampp\htdocs\Jutta\wp-includes\class-wp-hook.php(327): WP_Hook->apply_filters(NULL, Array)
#7 C:\xampp\htdocs\Jutta\wp-includes\plugin.php(470): WP_Hook->do_action(Array)
#8 C:\xampp\htdocs\Jutta\wp-includes\general-template.php(3031): do_action('wp_footer in C:\xampp\htdocs\Jutta\wp-content\themes\big-store\inc\woocommerce\woo-function.php on line 29

2022-01-03T16:22:47+00:00 CRITICAL Uncaught Error: Call to a member function get_cart_contents_count() on null in C:\xampp\htdocs\Jutta\wp-content\themes\big-store\inc\woocommerce\woo-function.php:29
Stack trace:
#0 C:\xampp\htdocs\Jutta\wp-content\themes\big-store\inc\woocommerce\woo-function.php(39): big_store_cart_total_item()
#1 C:\xampp\htdocs\Jutta\wp-includes\class-wp-hook.php(303): big_store_menu_cart_view('')
#2 C:\xampp\htdocs\Jutta\wp-includes\class-wp-hook.php(327): WP_Hook->apply_filters('', Array)
#3 C:\xampp\htdocs\Jutta\wp-includes\plugin.php(470): WP_Hook->do_action(Array)
#4 C:\xampp\htdocs\Jutta\wp-content\themes\big-store\inc\header-function.php(765): do_action('open_cart_count')
#5 C:\xampp\htdocs\Jutta\wp-includes\class-wp-hook.php(303): bigstore_mobile_navbar('')
#6 C:\xampp\htdocs\Jutta\wp-includes\class-wp-hook.php(327): WP_Hook->apply_filters(NULL, Array)
#7 C:\xampp\htdocs\Jutta\wp-includes\plugin.php(470): WP_Hook->do_action(Array)
#8 C:\xampp\htdocs\Jutta\wp-includes\general-template.php(3031): do_action('wp_footer in C:\xampp\htdocs\Jutta\wp-content\themes\big-store\inc\woocommerce\woo-function.php on line 29

2022-01-03T16:22:50+00:00 CRITICAL Uncaught Error: Call to a member function get_cart_contents_count() on null in C:\xampp\htdocs\Jutta\wp-content\themes\big-store\inc\woocommerce\woo-function.php:29
Stack trace:
#0 C:\xampp\htdocs\Jutta\wp-content\themes\big-store\inc\woocommerce\woo-function.php(39): big_store_cart_total_item()
#1 C:\xampp\htdocs\Jutta\wp-includes\class-wp-hook.php(303): big_store_menu_cart_view('')
#2 C:\xampp\htdocs\Jutta\wp-includes\class-wp-hook.php(327): WP_Hook->apply_filters('', Array)
#3 C:\xampp\htdocs\Jutta\wp-includes\plugin.php(470): WP_Hook->do_action(Array)
#4 C:\xampp\htdocs\Jutta\wp-content\themes\big-store\inc\header-function.php(765): do_action('open_cart_count')
#5 C:\xampp\htdocs\Jutta\wp-includes\class-wp-hook.php(303): bigstore_mobile_navbar('')
#6 C:\xampp\htdocs\Jutta\wp-includes\class-wp-hook.php(327): WP_Hook->apply_filters(NULL, Array)
#7 C:\xampp\htdocs\Jutta\wp-includes\plugin.php(470): WP_Hook->do_action(Array)
#8 C:\xampp\htdocs\Jutta\wp-includes\general-template.php(3031): do_action('wp_footer in C:\xampp\htdocs\Jutta\wp-content\themes\big-store\inc\woocommerce\woo-function.php on line 29

2022-01-03T16:22:50+00:00 CRITICAL Uncaught Error: Call to a member function get_cart_contents_count() on null in C:\xampp\htdocs\Jutta\wp-content\themes\big-store\inc\woocommerce\woo-function.php:29
Stack trace:
#0 C:\xampp\htdocs\Jutta\wp-content\themes\big-store\inc\woocommerce\woo-function.php(39): big_store_cart_total_item()
#1 C:\xampp\htdocs\Jutta\wp-includes\class-wp-hook.php(303): big_store_menu_cart_view('')
#2 C:\xampp\htdocs\Jutta\wp-includes\class-wp-hook.php(327): WP_Hook->apply_filters('', Array)
#3 C:\xampp\htdocs\Jutta\wp-includes\plugin.php(470): WP_Hook->do_action(Array)
#4 C:\xampp\htdocs\Jutta\wp-content\themes\big-store\inc\header-function.php(765): do_action('open_cart_count')
#5 C:\xampp\htdocs\Jutta\wp-includes\class-wp-hook.php(303): bigstore_mobile_navbar('')
#6 C:\xampp\htdocs\Jutta\wp-includes\class-wp-hook.php(327): WP_Hook->apply_filters(NULL, Array)
#7 C:\xampp\htdocs\Jutta\wp-includes\plugin.php(470): WP_Hook->do_action(Array)
#8 C:\xampp\htdocs\Jutta\wp-includes\general-template.php(3031): do_action('wp_footer in C:\xampp\htdocs\Jutta\wp-content\themes\big-store\inc\woocommerce\woo-function.php on line 29

2022-01-03T16:22:50+00:00 CRITICAL Uncaught Error: Call to a member function get_cart_contents_count() on null in C:\xampp\htdocs\Jutta\wp-content\themes\big-store\inc\woocommerce\woo-function.php:29
Stack trace:
#0 C:\xampp\htdocs\Jutta\wp-content\themes\big-store\inc\woocommerce\woo-function.php(39): big_store_cart_total_item()
#1 C:\xampp\htdocs\Jutta\wp-includes\class-wp-hook.php(303): big_store_menu_cart_view('')
#2 C:\xampp\htdocs\Jutta\wp-includes\class-wp-hook.php(327): WP_Hook->apply_filters('', Array)
#3 C:\xampp\htdocs\Jutta\wp-includes\plugin.php(470): WP_Hook->do_action(Array)
#4 C:\xampp\htdocs\Jutta\wp-content\themes\big-store\inc\header-function.php(765): do_action('open_cart_count')
#5 C:\xampp\htdocs\Jutta\wp-includes\class-wp-hook.php(303): bigstore_mobile_navbar('')
#6 C:\xampp\htdocs\Jutta\wp-includes\class-wp-hook.php(327): WP_Hook->apply_filters(NULL, Array)
#7 C:\xampp\htdocs\Jutta\wp-includes\plugin.php(470): WP_Hook->do_action(Array)
#8 C:\xampp\htdocs\Jutta\wp-includes\general-template.php(3031): do_action('wp_footer in C:\xampp\htdocs\Jutta\wp-content\themes\big-store\inc\woocommerce\woo-function.php on line 29

2022-01-03T16:22:51+00:00 CRITICAL Uncaught Error: Call to a member function get_cart_contents_count() on null in C:\xampp\htdocs\Jutta\wp-content\themes\big-store\inc\woocommerce\woo-function.php:29
Stack trace:
#0 C:\xampp\htdocs\Jutta\wp-content\themes\big-store\inc\woocommerce\woo-function.php(39): big_store_cart_total_item()
#1 C:\xampp\htdocs\Jutta\wp-includes\class-wp-hook.php(303): big_store_menu_cart_view('')
#2 C:\xampp\htdocs\Jutta\wp-includes\class-wp-hook.php(327): WP_Hook->apply_filters('', Array)
#3 C:\xampp\htdocs\Jutta\wp-includes\plugin.php(470): WP_Hook->do_action(Array)
#4 C:\xampp\htdocs\Jutta\wp-content\themes\big-store\inc\header-function.php(765): do_action('open_cart_count')
#5 C:\xampp\htdocs\Jutta\wp-includes\class-wp-hook.php(303): bigstore_mobile_navbar('')
#6 C:\xampp\htdocs\Jutta\wp-includes\class-wp-hook.php(327): WP_Hook->apply_filters(NULL, Array)
#7 C:\xampp\htdocs\Jutta\wp-includes\plugin.php(470): WP_Hook->do_action(Array)
#8 C:\xampp\htdocs\Jutta\wp-includes\general-template.php(3031): do_action('wp_footer in C:\xampp\htdocs\Jutta\wp-content\themes\big-store\inc\woocommerce\woo-function.php on line 29

2022-01-03T16:23:13+00:00 CRITICAL Uncaught Error: Call to a member function get_cart_contents_count() on null in C:\xampp\htdocs\Jutta\wp-content\themes\big-store\inc\woocommerce\woo-function.php:29
Stack trace:
#0 C:\xampp\htdocs\Jutta\wp-content\themes\big-store\inc\woocommerce\woo-function.php(39): big_store_cart_total_item()
#1 C:\xampp\htdocs\Jutta\wp-includes\class-wp-hook.php(303): big_store_menu_cart_view('')
#2 C:\xampp\htdocs\Jutta\wp-includes\class-wp-hook.php(327): WP_Hook->apply_filters('', Array)
#3 C:\xampp\htdocs\Jutta\wp-includes\plugin.php(470): WP_Hook->do_action(Array)
#4 C:\xampp\htdocs\Jutta\wp-content\themes\big-store\inc\header-function.php(765): do_action('open_cart_count')
#5 C:\xampp\htdocs\Jutta\wp-includes\class-wp-hook.php(303): bigstore_mobile_navbar('')
#6 C:\xampp\htdocs\Jutta\wp-includes\class-wp-hook.php(327): WP_Hook->apply_filters(NULL, Array)
#7 C:\xampp\htdocs\Jutta\wp-includes\plugin.php(470): WP_Hook->do_action(Array)
#8 C:\xampp\htdocs\Jutta\wp-includes\general-template.php(3031): do_action('wp_footer in C:\xampp\htdocs\Jutta\wp-content\themes\big-store\inc\woocommerce\woo-function.php on line 29

2022-01-03T16:23:17+00:00 CRITICAL Uncaught Error: Call to a member function get_cart_contents_count() on null in C:\xampp\htdocs\Jutta\wp-content\themes\big-store\inc\woocommerce\woo-function.php:29
Stack trace:
#0 C:\xampp\htdocs\Jutta\wp-content\themes\big-store\inc\woocommerce\woo-function.php(39): big_store_cart_total_item()
#1 C:\xampp\htdocs\Jutta\wp-includes\class-wp-hook.php(303): big_store_menu_cart_view('')
#2 C:\xampp\htdocs\Jutta\wp-includes\class-wp-hook.php(327): WP_Hook->apply_filters('', Array)
#3 C:\xampp\htdocs\Jutta\wp-includes\plugin.php(470): WP_Hook->do_action(Array)
#4 C:\xampp\htdocs\Jutta\wp-content\themes\big-store\inc\header-function.php(765): do_action('open_cart_count')
#5 C:\xampp\htdocs\Jutta\wp-includes\class-wp-hook.php(303): bigstore_mobile_navbar('')
#6 C:\xampp\htdocs\Jutta\wp-includes\class-wp-hook.php(327): WP_Hook->apply_filters(NULL, Array)
#7 C:\xampp\htdocs\Jutta\wp-includes\plugin.php(470): WP_Hook->do_action(Array)
#8 C:\xampp\htdocs\Jutta\wp-includes\general-template.php(3031): do_action('wp_footer in C:\xampp\htdocs\Jutta\wp-content\themes\big-store\inc\woocommerce\woo-function.php on line 29

2022-01-03T16:23:20+00:00 CRITICAL Uncaught Error: Call to a member function get_cart_contents_count() on null in C:\xampp\htdocs\Jutta\wp-content\themes\big-store\inc\woocommerce\woo-function.php:29
Stack trace:
#0 C:\xampp\htdocs\Jutta\wp-content\themes\big-store\inc\woocommerce\woo-function.php(39): big_store_cart_total_item()
#1 C:\xampp\htdocs\Jutta\wp-includes\class-wp-hook.php(303): big_store_menu_cart_view('')
#2 C:\xampp\htdocs\Jutta\wp-includes\class-wp-hook.php(327): WP_Hook->apply_filters('', Array)
#3 C:\xampp\htdocs\Jutta\wp-includes\plugin.php(470): WP_Hook->do_action(Array)
#4 C:\xampp\htdocs\Jutta\wp-content\themes\big-store\inc\header-function.php(765): do_action('open_cart_count')
#5 C:\xampp\htdocs\Jutta\wp-includes\class-wp-hook.php(303): bigstore_mobile_navbar('')
#6 C:\xampp\htdocs\Jutta\wp-includes\class-wp-hook.php(327): WP_Hook->apply_filters(NULL, Array)
#7 C:\xampp\htdocs\Jutta\wp-includes\plugin.php(470): WP_Hook->do_action(Array)
#8 C:\xampp\htdocs\Jutta\wp-includes\general-template.php(3031): do_action('wp_footer in C:\xampp\htdocs\Jutta\wp-content\themes\big-store\inc\woocommerce\woo-function.php on line 29

2022-01-03T16:23:44+00:00 CRITICAL Uncaught Error: Call to a member function get_cart_contents_count() on null in C:\xampp\htdocs\Jutta\wp-content\themes\big-store\inc\woocommerce\woo-function.php:29
Stack trace:
#0 C:\xampp\htdocs\Jutta\wp-content\themes\big-store\inc\woocommerce\woo-function.php(39): big_store_cart_total_item()
#1 C:\xampp\htdocs\Jutta\wp-includes\class-wp-hook.php(303): big_store_menu_cart_view('')
#2 C:\xampp\htdocs\Jutta\wp-includes\class-wp-hook.php(327): WP_Hook->apply_filters('', Array)
#3 C:\xampp\htdocs\Jutta\wp-includes\plugin.php(470): WP_Hook->do_action(Array)
#4 C:\xampp\htdocs\Jutta\wp-content\themes\big-store\inc\header-function.php(765): do_action('open_cart_count')
#5 C:\xampp\htdocs\Jutta\wp-includes\class-wp-hook.php(303): bigstore_mobile_navbar('')
#6 C:\xampp\htdocs\Jutta\wp-includes\class-wp-hook.php(327): WP_Hook->apply_filters(NULL, Array)
#7 C:\xampp\htdocs\Jutta\wp-includes\plugin.php(470): WP_Hook->do_action(Array)
#8 C:\xampp\htdocs\Jutta\wp-includes\general-template.php(3031): do_action('wp_footer in C:\xampp\htdocs\Jutta\wp-content\themes\big-store\inc\woocommerce\woo-function.php on line 29

2022-01-03T16:23:59+00:00 CRITICAL Uncaught Error: Call to a member function get_cart_contents_count() on null in C:\xampp\htdocs\Jutta\wp-content\themes\big-store\inc\woocommerce\woo-function.php:29
Stack trace:
#0 C:\xampp\htdocs\Jutta\wp-content\themes\big-store\inc\woocommerce\woo-function.php(39): big_store_cart_total_item()
#1 C:\xampp\htdocs\Jutta\wp-includes\class-wp-hook.php(303): big_store_menu_cart_view('')
#2 C:\xampp\htdocs\Jutta\wp-includes\class-wp-hook.php(327): WP_Hook->apply_filters('', Array)
#3 C:\xampp\htdocs\Jutta\wp-includes\plugin.php(470): WP_Hook->do_action(Array)
#4 C:\xampp\htdocs\Jutta\wp-content\themes\big-store\inc\header-function.php(765): do_action('open_cart_count')
#5 C:\xampp\htdocs\Jutta\wp-includes\class-wp-hook.php(303): bigstore_mobile_navbar('')
#6 C:\xampp\htdocs\Jutta\wp-includes\class-wp-hook.php(327): WP_Hook->apply_filters(NULL, Array)
#7 C:\xampp\htdocs\Jutta\wp-includes\plugin.php(470): WP_Hook->do_action(Array)
#8 C:\xampp\htdocs\Jutta\wp-includes\general-template.php(3031): do_action('wp_footer in C:\xampp\htdocs\Jutta\wp-content\themes\big-store\inc\woocommerce\woo-function.php on line 29

2022-01-03T16:25:54+00:00 CRITICAL Uncaught Error: Call to a member function get_cart_contents_count() on null in C:\xampp\htdocs\Jutta\wp-content\themes\big-store\inc\woocommerce\woo-function.php:29
Stack trace:
#0 C:\xampp\htdocs\Jutta\wp-content\themes\big-store\inc\woocommerce\woo-function.php(39): big_store_cart_total_item()
#1 C:\xampp\htdocs\Jutta\wp-includes\class-wp-hook.php(303): big_store_menu_cart_view('')
#2 C:\xampp\htdocs\Jutta\wp-includes\class-wp-hook.php(327): WP_Hook->apply_filters('', Array)
#3 C:\xampp\htdocs\Jutta\wp-includes\plugin.php(470): WP_Hook->do_action(Array)
#4 C:\xampp\htdocs\Jutta\wp-content\themes\big-store\inc\header-function.php(765): do_action('open_cart_count')
#5 C:\xampp\htdocs\Jutta\wp-includes\class-wp-hook.php(303): bigstore_mobile_navbar('')
#6 C:\xampp\htdocs\Jutta\wp-includes\class-wp-hook.php(327): WP_Hook->apply_filters(NULL, Array)
#7 C:\xampp\htdocs\Jutta\wp-includes\plugin.php(470): WP_Hook->do_action(Array)
#8 C:\xampp\htdocs\Jutta\wp-includes\general-template.php(3031): do_action('wp_footer in C:\xampp\htdocs\Jutta\wp-content\themes\big-store\inc\woocommerce\woo-function.php on line 29

2022-01-03T16:25:58+00:00 CRITICAL Uncaught Error: Call to a member function get_cart_contents_count() on null in C:\xampp\htdocs\Jutta\wp-content\themes\big-store\inc\woocommerce\woo-function.php:29
Stack trace:
#0 C:\xampp\htdocs\Jutta\wp-content\themes\big-store\inc\woocommerce\woo-function.php(39): big_store_cart_total_item()
#1 C:\xampp\htdocs\Jutta\wp-includes\class-wp-hook.php(303): big_store_menu_cart_view('')
#2 C:\xampp\htdocs\Jutta\wp-includes\class-wp-hook.php(327): WP_Hook->apply_filters('', Array)
#3 C:\xampp\htdocs\Jutta\wp-includes\plugin.php(470): WP_Hook->do_action(Array)
#4 C:\xampp\htdocs\Jutta\wp-content\themes\big-store\inc\header-function.php(765): do_action('open_cart_count')
#5 C:\xampp\htdocs\Jutta\wp-includes\class-wp-hook.php(303): bigstore_mobile_navbar('')
#6 C:\xampp\htdocs\Jutta\wp-includes\class-wp-hook.php(327): WP_Hook->apply_filters(NULL, Array)
#7 C:\xampp\htdocs\Jutta\wp-includes\plugin.php(470): WP_Hook->do_action(Array)
#8 C:\xampp\htdocs\Jutta\wp-includes\general-template.php(3031): do_action('wp_footer in C:\xampp\htdocs\Jutta\wp-content\themes\big-store\inc\woocommerce\woo-function.php on line 29

2022-01-03T16:27:05+00:00 CRITICAL Uncaught Error: Call to a member function get_cart_contents_count() on null in C:\xampp\htdocs\Jutta\wp-content\themes\big-store\inc\woocommerce\woo-function.php:29
Stack trace:
#0 C:\xampp\htdocs\Jutta\wp-content\themes\big-store\inc\woocommerce\woo-function.php(39): big_store_cart_total_item()
#1 C:\xampp\htdocs\Jutta\wp-includes\class-wp-hook.php(303): big_store_menu_cart_view('')
#2 C:\xampp\htdocs\Jutta\wp-includes\class-wp-hook.php(327): WP_Hook->apply_filters('', Array)
#3 C:\xampp\htdocs\Jutta\wp-includes\plugin.php(470): WP_Hook->do_action(Array)
#4 C:\xampp\htdocs\Jutta\wp-content\themes\big-store\inc\header-function.php(765): do_action('open_cart_count')
#5 C:\xampp\htdocs\Jutta\wp-includes\class-wp-hook.php(303): bigstore_mobile_navbar('')
#6 C:\xampp\htdocs\Jutta\wp-includes\class-wp-hook.php(327): WP_Hook->apply_filters(NULL, Array)
#7 C:\xampp\htdocs\Jutta\wp-includes\plugin.php(470): WP_Hook->do_action(Array)
#8 C:\xampp\htdocs\Jutta\wp-includes\general-template.php(3031): do_action('wp_footer in C:\xampp\htdocs\Jutta\wp-content\themes\big-store\inc\woocommerce\woo-function.php on line 29

2022-01-03T16:27:10+00:00 CRITICAL Uncaught Error: Call to a member function get_cart_contents_count() on null in C:\xampp\htdocs\Jutta\wp-content\themes\big-store\inc\woocommerce\woo-function.php:29
Stack trace:
#0 C:\xampp\htdocs\Jutta\wp-content\themes\big-store\inc\woocommerce\woo-function.php(39): big_store_cart_total_item()
#1 C:\xampp\htdocs\Jutta\wp-includes\class-wp-hook.php(303): big_store_menu_cart_view('')
#2 C:\xampp\htdocs\Jutta\wp-includes\class-wp-hook.php(327): WP_Hook->apply_filters('', Array)
#3 C:\xampp\htdocs\Jutta\wp-includes\plugin.php(470): WP_Hook->do_action(Array)
#4 C:\xampp\htdocs\Jutta\wp-content\themes\big-store\inc\header-function.php(765): do_action('open_cart_count')
#5 C:\xampp\htdocs\Jutta\wp-includes\class-wp-hook.php(303): bigstore_mobile_navbar('')
#6 C:\xampp\htdocs\Jutta\wp-includes\class-wp-hook.php(327): WP_Hook->apply_filters(NULL, Array)
#7 C:\xampp\htdocs\Jutta\wp-includes\plugin.php(470): WP_Hook->do_action(Array)
#8 C:\xampp\htdocs\Jutta\wp-includes\general-template.php(3031): do_action('wp_footer in C:\xampp\htdocs\Jutta\wp-content\themes\big-store\inc\woocommerce\woo-function.php on line 29

2022-01-03T16:27:11+00:00 CRITICAL Uncaught Error: Call to a member function get_cart_contents_count() on null in C:\xampp\htdocs\Jutta\wp-content\themes\big-store\inc\woocommerce\woo-function.php:29
Stack trace:
#0 C:\xampp\htdocs\Jutta\wp-content\themes\big-store\inc\woocommerce\woo-function.php(39): big_store_cart_total_item()
#1 C:\xampp\htdocs\Jutta\wp-includes\class-wp-hook.php(303): big_store_menu_cart_view('')
#2 C:\xampp\htdocs\Jutta\wp-includes\class-wp-hook.php(327): WP_Hook->apply_filters('', Array)
#3 C:\xampp\htdocs\Jutta\wp-includes\plugin.php(470): WP_Hook->do_action(Array)
#4 C:\xampp\htdocs\Jutta\wp-content\themes\big-store\inc\header-function.php(765): do_action('open_cart_count')
#5 C:\xampp\htdocs\Jutta\wp-includes\class-wp-hook.php(303): bigstore_mobile_navbar('')
#6 C:\xampp\htdocs\Jutta\wp-includes\class-wp-hook.php(327): WP_Hook->apply_filters(NULL, Array)
#7 C:\xampp\htdocs\Jutta\wp-includes\plugin.php(470): WP_Hook->do_action(Array)
#8 C:\xampp\htdocs\Jutta\wp-includes\general-template.php(3031): do_action('wp_footer in C:\xampp\htdocs\Jutta\wp-content\themes\big-store\inc\woocommerce\woo-function.php on line 29

2022-01-03T16:27:18+00:00 CRITICAL Uncaught Error: Call to a member function get_cart_contents_count() on null in C:\xampp\htdocs\Jutta\wp-content\themes\big-store\inc\woocommerce\woo-function.php:29
Stack trace:
#0 C:\xampp\htdocs\Jutta\wp-content\themes\big-store\inc\woocommerce\woo-function.php(39): big_store_cart_total_item()
#1 C:\xampp\htdocs\Jutta\wp-includes\class-wp-hook.php(303): big_store_menu_cart_view('')
#2 C:\xampp\htdocs\Jutta\wp-includes\class-wp-hook.php(327): WP_Hook->apply_filters('', Array)
#3 C:\xampp\htdocs\Jutta\wp-includes\plugin.php(470): WP_Hook->do_action(Array)
#4 C:\xampp\htdocs\Jutta\wp-content\themes\big-store\inc\header-function.php(765): do_action('open_cart_count')
#5 C:\xampp\htdocs\Jutta\wp-includes\class-wp-hook.php(303): bigstore_mobile_navbar('')
#6 C:\xampp\htdocs\Jutta\wp-includes\class-wp-hook.php(327): WP_Hook->apply_filters(NULL, Array)
#7 C:\xampp\htdocs\Jutta\wp-includes\plugin.php(470): WP_Hook->do_action(Array)
#8 C:\xampp\htdocs\Jutta\wp-includes\general-template.php(3031): do_action('wp_footer in C:\xampp\htdocs\Jutta\wp-content\themes\big-store\inc\woocommerce\woo-function.php on line 29

2022-01-03T16:27:19+00:00 CRITICAL Uncaught Error: Call to a member function get_cart_contents_count() on null in C:\xampp\htdocs\Jutta\wp-content\themes\big-store\inc\woocommerce\woo-function.php:29
Stack trace:
#0 C:\xampp\htdocs\Jutta\wp-content\themes\big-store\inc\woocommerce\woo-function.php(39): big_store_cart_total_item()
#1 C:\xampp\htdocs\Jutta\wp-includes\class-wp-hook.php(303): big_store_menu_cart_view('')
#2 C:\xampp\htdocs\Jutta\wp-includes\class-wp-hook.php(327): WP_Hook->apply_filters('', Array)
#3 C:\xampp\htdocs\Jutta\wp-includes\plugin.php(470): WP_Hook->do_action(Array)
#4 C:\xampp\htdocs\Jutta\wp-content\themes\big-store\inc\header-function.php(765): do_action('open_cart_count')
#5 C:\xampp\htdocs\Jutta\wp-includes\class-wp-hook.php(303): bigstore_mobile_navbar('')
#6 C:\xampp\htdocs\Jutta\wp-includes\class-wp-hook.php(327): WP_Hook->apply_filters(NULL, Array)
#7 C:\xampp\htdocs\Jutta\wp-includes\plugin.php(470): WP_Hook->do_action(Array)
#8 C:\xampp\htdocs\Jutta\wp-includes\general-template.php(3031): do_action('wp_footer in C:\xampp\htdocs\Jutta\wp-content\themes\big-store\inc\woocommerce\woo-function.php on line 29

